2024-03-19T00:28:46.978+05:30  INFO 20444 --- [movieapp-backend] [restartedMain] c.c.p.m.MovieappBackendApplication       : Starting MovieappBackendApplication using Java 17.0.10 with PID 20444 (D:\Aditi\2143163-capstone\Capstone-Project\movieapp-backend\target\classes started by 91620 in D:\Aditi\2143163-capstone\Capstone-Project\movieapp-backend)
2024-03-19T00:28:46.987+05:30  INFO 20444 --- [movieapp-backend] [restartedMain] c.c.p.m.MovieappBackendApplication       : No active profile set, falling back to 1 default profile: "default"
2024-03-19T00:28:47.053+05:30  INFO 20444 --- [movieapp-backend] [restartedMain] .e.DevToolsPropertyDefaultsPostProcessor : Devtools property defaults active! Set 'spring.devtools.add-properties' to 'false' to disable
2024-03-19T00:28:47.054+05:30  INFO 20444 --- [movieapp-backend] [restartedMain] .e.DevToolsPropertyDefaultsPostProcessor : For additional web related logging consider setting the 'logging.level.web' property to 'DEBUG'
2024-03-19T00:28:47.615+05:30  INFO 20444 --- [movieapp-backend] [restartedMain] .s.d.r.c.RepositoryConfigurationDelegate : Bootstrapping Spring Data MongoDB repositories in DEFAULT mode.
2024-03-19T00:28:47.683+05:30  INFO 20444 --- [movieapp-backend] [restartedMain] .s.d.r.c.RepositoryConfigurationDelegate : Finished Spring Data repository scanning in 60 ms. Found 2 MongoDB repository interfaces.
2024-03-19T00:28:48.170+05:30  INFO 20444 --- [movieapp-backend] [restartedMain] o.s.b.w.embedded.tomcat.TomcatWebServer  : Tomcat initialized with port 8081 (http)
2024-03-19T00:28:48.178+05:30  INFO 20444 --- [movieapp-backend] [restartedMain] o.apache.catalina.core.StandardService   : Starting service [Tomcat]
2024-03-19T00:28:48.179+05:30  INFO 20444 --- [movieapp-backend] [restartedMain] o.apache.catalina.core.StandardEngine    : Starting Servlet engine: [Apache Tomcat/10.1.19]
2024-03-19T00:28:48.238+05:30  INFO 20444 --- [movieapp-backend] [restartedMain] o.a.c.c.C.[Tomcat].[localhost].[/]       : Initializing Spring embedded WebApplicationContext
2024-03-19T00:28:48.239+05:30  INFO 20444 --- [movieapp-backend] [restartedMain] w.s.c.ServletWebServerApplicationContext : Root WebApplicationContext: initialization completed in 1184 ms
2024-03-19T00:28:48.435+05:30  INFO 20444 --- [movieapp-backend] [restartedMain] org.mongodb.driver.client                : MongoClient with metadata {"driver": {"name": "mongo-java-driver|sync|spring-boot", "version": "4.11.1"}, "os": {"type": "Windows", "name": "Windows 11", "architecture": "amd64", "version": "10.0"}, "platform": "Java/Oracle Corporation/17.0.10+11-LTS-240"} created with settings MongoClientSettings{readPreference=primary, writeConcern=WriteConcern{w=null, wTimeout=null ms, journal=null}, retryWrites=true, retryReads=true, readConcern=ReadConcern{level=null}, credential=null, transportSettings=null, streamFactoryFactory=null, commandListeners=[], codecRegistry=ProvidersCodecRegistry{codecProviders=[ValueCodecProvider{}, BsonValueCodecProvider{}, DBRefCodecProvider{}, DBObjectCodecProvider{}, DocumentCodecProvider{}, CollectionCodecProvider{}, IterableCodecProvider{}, MapCodecProvider{}, GeoJsonCodecProvider{}, GridFSFileCodecProvider{}, Jsr310CodecProvider{}, JsonObjectCodecProvider{}, BsonCodecProvider{}, EnumCodecProvider{}, com.mongodb.client.model.mql.ExpressionCodecProvider@1ed2321, com.mongodb.Jep395RecordCodecProvider@4bcc6d34, com.mongodb.KotlinCodecProvider@59dee0f0]}, loggerSettings=LoggerSettings{maxDocumentLength=1000}, clusterSettings={hosts=[localhost:27017], srvServiceName=mongodb, mode=SINGLE, requiredClusterType=UNKNOWN, requiredReplicaSetName='null', serverSelector='null', clusterListeners='[]', serverSelectionTimeout='30000 ms', localThreshold='15 ms'}, socketSettings=SocketSettings{connectTimeoutMS=10000, readTimeoutMS=0, receiveBufferSize=0, proxySettings=ProxySettings{host=null, port=null, username=null, password=null}}, heartbeatSocketSettings=SocketSettings{connectTimeoutMS=10000, readTimeoutMS=10000, receiveBufferSize=0, proxySettings=ProxySettings{host=null, port=null, username=null, password=null}}, connectionPoolSettings=ConnectionPoolSettings{maxSize=100, minSize=0, maxWaitTimeMS=120000, maxConnectionLifeTimeMS=0, maxConnectionIdleTimeMS=0, maintenanceInitialDelayMS=0, maintenanceFrequencyMS=60000, connectionPoolListeners=[], maxConnecting=2}, serverSettings=ServerSettings{heartbeatFrequencyMS=10000, minHeartbeatFrequencyMS=500, serverListeners='[]', serverMonitorListeners='[]'}, sslSettings=SslSettings{enabled=false, invalidHostNameAllowed=false, context=null}, applicationName='null', compressorList=[], uuidRepresentation=JAVA_LEGACY, serverApi=null, autoEncryptionSettings=null, dnsClient=null, inetAddressResolver=null, contextProvider=null}
2024-03-19T00:28:48.463+05:30  INFO 20444 --- [movieapp-backend] [cluster-ClusterId{value='65f88ee8449b6d0f42ccc77d', description='null'}-localhost:27017] org.mongodb.driver.cluster               : Monitor thread successfully connected to server with description ServerDescription{address=localhost:27017, type=STANDALONE, state=CONNECTED, ok=true, minWireVersion=0, maxWireVersion=21, maxDocumentSize=16777216, logicalSessionTimeoutMinutes=30, roundTripTimeNanos=22167700}
2024-03-19T00:28:48.571+05:30  INFO 20444 --- [movieapp-backend] [restartedMain] o.s.b.d.a.OptionalLiveReloadServer       : LiveReload server is running on port 35729
2024-03-19T00:28:48.980+05:30 DEBUG 20444 --- [movieapp-backend] [restartedMain] s.w.s.m.m.a.RequestMappingHandlerMapping : 10 mappings in 'requestMappingHandlerMapping'
2024-03-19T00:28:49.083+05:30 DEBUG 20444 --- [movieapp-backend] [restartedMain] o.s.w.s.handler.SimpleUrlHandlerMapping  : Patterns [/webjars/**, /**] in 'resourceHandlerMapping'
2024-03-19T00:28:49.122+05:30 DEBUG 20444 --- [movieapp-backend] [restartedMain] s.w.s.m.m.a.RequestMappingHandlerAdapter : ControllerAdvice beans: 0 @ModelAttribute, 0 @InitBinder, 1 RequestBodyAdvice, 1 ResponseBodyAdvice
2024-03-19T00:28:49.161+05:30 DEBUG 20444 --- [movieapp-backend] [restartedMain] .m.m.a.ExceptionHandlerExceptionResolver : ControllerAdvice beans: 1 @ExceptionHandler, 1 ResponseBodyAdvice
2024-03-19T00:28:49.265+05:30  INFO 20444 --- [movieapp-backend] [restartedMain] o.s.b.w.embedded.tomcat.TomcatWebServer  : Tomcat started on port 8081 (http) with context path ''
2024-03-19T00:28:49.275+05:30  INFO 20444 --- [movieapp-backend] [restartedMain] c.c.p.m.MovieappBackendApplication       : Started MovieappBackendApplication in 2.626 seconds (process running for 2.951)
2024-03-19T00:28:54.640+05:30  INFO 20444 --- [movieapp-backend] [http-nio-8081-exec-1] o.a.c.c.C.[Tomcat].[localhost].[/]       : Initializing Spring DispatcherServlet 'dispatcherServlet'
2024-03-19T00:28:54.640+05:30  INFO 20444 --- [movieapp-backend] [http-nio-8081-exec-1] o.s.web.servlet.DispatcherServlet        : Initializing Servlet 'dispatcherServlet'
2024-03-19T00:28:54.641+05:30 DEBUG 20444 --- [movieapp-backend] [http-nio-8081-exec-1] o.s.web.servlet.DispatcherServlet        : Detected StandardServletMultipartResolver
2024-03-19T00:28:54.642+05:30 DEBUG 20444 --- [movieapp-backend] [http-nio-8081-exec-1] o.s.web.servlet.DispatcherServlet        : Detected AcceptHeaderLocaleResolver
2024-03-19T00:28:54.642+05:30 DEBUG 20444 --- [movieapp-backend] [http-nio-8081-exec-1] o.s.web.servlet.DispatcherServlet        : Detected FixedThemeResolver
2024-03-19T00:28:54.643+05:30 DEBUG 20444 --- [movieapp-backend] [http-nio-8081-exec-1] o.s.web.servlet.DispatcherServlet        : Detected org.springframework.web.servlet.view.DefaultRequestToViewNameTranslator@6158bfeb
2024-03-19T00:28:54.643+05:30 DEBUG 20444 --- [movieapp-backend] [http-nio-8081-exec-1] o.s.web.servlet.DispatcherServlet        : Detected org.springframework.web.servlet.support.SessionFlashMapManager@77b8e79a
2024-03-19T00:28:54.644+05:30 DEBUG 20444 --- [movieapp-backend] [http-nio-8081-exec-1] o.s.web.servlet.DispatcherServlet        : enableLoggingRequestDetails='false': request parameters and headers will be masked to prevent unsafe logging of potentially sensitive data
2024-03-19T00:28:54.644+05:30  INFO 20444 --- [movieapp-backend] [http-nio-8081-exec-1] o.s.web.servlet.DispatcherServlet        : Completed initialization in 3 ms
2024-03-19T00:28:54.724+05:30 DEBUG 20444 --- [movieapp-backend] [http-nio-8081-exec-1] o.s.web.servlet.DispatcherServlet        : GET "/api/v1/movie/save", parameters={}
2024-03-19T00:28:54.733+05:30  WARN 20444 --- [movieapp-backend] [http-nio-8081-exec-1] .w.s.m.s.DefaultHandlerExceptionResolver : Resolved [org.springframework.web.HttpRequestMethodNotSupportedException: Request method 'GET' is not supported]
2024-03-19T00:28:54.735+05:30 DEBUG 20444 --- [movieapp-backend] [http-nio-8081-exec-1] o.s.web.servlet.DispatcherServlet        : Completed 405 METHOD_NOT_ALLOWED
2024-03-19T00:28:54.742+05:30 DEBUG 20444 --- [movieapp-backend] [http-nio-8081-exec-1] o.s.web.servlet.DispatcherServlet        : "ERROR" dispatch for GET "/error", parameters={}
2024-03-19T00:28:54.748+05:30 DEBUG 20444 --- [movieapp-backend] [http-nio-8081-exec-1] s.w.s.m.m.a.RequestMappingHandlerMapping : Mapped to org.springframework.boot.autoconfigure.web.servlet.error.BasicErrorController#error(HttpServletRequest)
2024-03-19T00:28:54.775+05:30 DEBUG 20444 --- [movieapp-backend] [http-nio-8081-exec-1] o.s.w.s.m.m.a.HttpEntityMethodProcessor  : Using 'application/json', given [*/*] and supported [application/json, application/*+json]
2024-03-19T00:28:54.777+05:30 DEBUG 20444 --- [movieapp-backend] [http-nio-8081-exec-1] o.s.w.s.m.m.a.HttpEntityMethodProcessor  : Writing [{timestamp=Tue Mar 19 00:28:54 IST 2024, status=405, error=Method Not Allowed, trace=org.springframe (truncated)...]
2024-03-19T00:28:54.800+05:30 DEBUG 20444 --- [movieapp-backend] [http-nio-8081-exec-1] o.s.web.servlet.DispatcherServlet        : Exiting from "ERROR" dispatch, status 405
2024-03-19T00:29:08.870+05:30 DEBUG 20444 --- [movieapp-backend] [http-nio-8081-exec-2] o.s.web.servlet.DispatcherServlet        : POST "/api/v1/movie/save", parameters={}
2024-03-19T00:29:08.871+05:30 DEBUG 20444 --- [movieapp-backend] [http-nio-8081-exec-2] s.w.s.m.m.a.RequestMappingHandlerMapping : Mapped to com.capstone.project.movieappbackend.controller.MovieController#saveMovie(Movie)
2024-03-19T00:29:08.924+05:30 DEBUG 20444 --- [movieapp-backend] [http-nio-8081-exec-2] m.m.a.RequestResponseBodyMethodProcessor : Read "application/json;charset=UTF-8" to [Movie(id=top1, rank=1, title=The Shawshank Redemption, thumbnail=https://m.media-amazon.com/images/M (truncated)...]
2024-03-19T00:29:08.932+05:30  INFO 20444 --- [movieapp-backend] [http-nio-8081-exec-2] c.c.p.m.services.MovieServiceImpl        : Saving movie to database
2024-03-19T00:29:09.076+05:30 DEBUG 20444 --- [movieapp-backend] [http-nio-8081-exec-2] m.m.a.RequestResponseBodyMethodProcessor : Using 'application/json', given [*/*] and supported [application/json, application/*+json]
2024-03-19T00:29:09.077+05:30 DEBUG 20444 --- [movieapp-backend] [http-nio-8081-exec-2] m.m.a.RequestResponseBodyMethodProcessor : Writing [Movie(id=top1, rank=1, title=The Shawshank Redemption, thumbnail=https://m.media-amazon.com/images/M (truncated)...]
2024-03-19T00:29:09.078+05:30 DEBUG 20444 --- [movieapp-backend] [http-nio-8081-exec-2] o.s.web.servlet.DispatcherServlet        : Completed 200 OK
2024-03-19T00:31:38.020+05:30 ERROR 20444 --- [movieapp-backend] [http-nio-8081-exec-6] o.a.c.c.C.[.[.[/].[dispatcherServlet]    : Servlet.service() for servlet [dispatcherServlet] in context with path [] threw exception [Invalid token] with root cause

jakarta.servlet.ServletException: Invalid token
	at com.capstone.project.movieappbackend.filter.AppFilter.doFilterInternal(AppFilter.java:55) ~[classes/:na]
	at org.springframework.web.filter.OncePerRequestFilter.doFilter(OncePerRequestFilter.java:116) ~[spring-web-6.1.4.jar:6.1.4]
	at org.apache.catalina.core.ApplicationFilterChain.internalDoFilter(ApplicationFilterChain.java:174) ~[tomcat-embed-core-10.1.19.jar:10.1.19]
	at org.apache.catalina.core.ApplicationFilterChain.doFilter(ApplicationFilterChain.java:149) ~[tomcat-embed-core-10.1.19.jar:10.1.19]
	at org.springframework.web.filter.RequestContextFilter.doFilterInternal(RequestContextFilter.java:100) ~[spring-web-6.1.4.jar:6.1.4]
	at org.springframework.web.filter.OncePerRequestFilter.doFilter(OncePerRequestFilter.java:116) ~[spring-web-6.1.4.jar:6.1.4]
	at org.apache.catalina.core.ApplicationFilterChain.internalDoFilter(ApplicationFilterChain.java:174) ~[tomcat-embed-core-10.1.19.jar:10.1.19]
	at org.apache.catalina.core.ApplicationFilterChain.doFilter(ApplicationFilterChain.java:149) ~[tomcat-embed-core-10.1.19.jar:10.1.19]
	at org.springframework.web.filter.FormContentFilter.doFilterInternal(FormContentFilter.java:93) ~[spring-web-6.1.4.jar:6.1.4]
	at org.springframework.web.filter.OncePerRequestFilter.doFilter(OncePerRequestFilter.java:116) ~[spring-web-6.1.4.jar:6.1.4]
	at org.apache.catalina.core.ApplicationFilterChain.internalDoFilter(ApplicationFilterChain.java:174) ~[tomcat-embed-core-10.1.19.jar:10.1.19]
	at org.apache.catalina.core.ApplicationFilterChain.doFilter(ApplicationFilterChain.java:149) ~[tomcat-embed-core-10.1.19.jar:10.1.19]
	at org.springframework.web.filter.CharacterEncodingFilter.doFilterInternal(CharacterEncodingFilter.java:201) ~[spring-web-6.1.4.jar:6.1.4]
	at org.springframework.web.filter.OncePerRequestFilter.doFilter(OncePerRequestFilter.java:116) ~[spring-web-6.1.4.jar:6.1.4]
	at org.apache.catalina.core.ApplicationFilterChain.internalDoFilter(ApplicationFilterChain.java:174) ~[tomcat-embed-core-10.1.19.jar:10.1.19]
	at org.apache.catalina.core.ApplicationFilterChain.doFilter(ApplicationFilterChain.java:149) ~[tomcat-embed-core-10.1.19.jar:10.1.19]
	at org.apache.catalina.core.StandardWrapperValve.invoke(StandardWrapperValve.java:167) ~[tomcat-embed-core-10.1.19.jar:10.1.19]
	at org.apache.catalina.core.StandardContextValve.invoke(StandardContextValve.java:90) ~[tomcat-embed-core-10.1.19.jar:10.1.19]
	at org.apache.catalina.authenticator.AuthenticatorBase.invoke(AuthenticatorBase.java:482) ~[tomcat-embed-core-10.1.19.jar:10.1.19]
	at org.apache.catalina.core.StandardHostValve.invoke(StandardHostValve.java:115) ~[tomcat-embed-core-10.1.19.jar:10.1.19]
	at org.apache.catalina.valves.ErrorReportValve.invoke(ErrorReportValve.java:93) ~[tomcat-embed-core-10.1.19.jar:10.1.19]
	at org.apache.catalina.core.StandardEngineValve.invoke(StandardEngineValve.java:74) ~[tomcat-embed-core-10.1.19.jar:10.1.19]
	at org.apache.catalina.connector.CoyoteAdapter.service(CoyoteAdapter.java:344) ~[tomcat-embed-core-10.1.19.jar:10.1.19]
	at org.apache.coyote.http11.Http11Processor.service(Http11Processor.java:391) ~[tomcat-embed-core-10.1.19.jar:10.1.19]
	at org.apache.coyote.AbstractProcessorLight.process(AbstractProcessorLight.java:63) ~[tomcat-embed-core-10.1.19.jar:10.1.19]
	at org.apache.coyote.AbstractProtocol$ConnectionHandler.process(AbstractProtocol.java:896) ~[tomcat-embed-core-10.1.19.jar:10.1.19]
	at org.apache.tomcat.util.net.NioEndpoint$SocketProcessor.doRun(NioEndpoint.java:1744) ~[tomcat-embed-core-10.1.19.jar:10.1.19]
	at org.apache.tomcat.util.net.SocketProcessorBase.run(SocketProcessorBase.java:52) ~[tomcat-embed-core-10.1.19.jar:10.1.19]
	at org.apache.tomcat.util.threads.ThreadPoolExecutor.runWorker(ThreadPoolExecutor.java:1191) ~[tomcat-embed-core-10.1.19.jar:10.1.19]
	at org.apache.tomcat.util.threads.ThreadPoolExecutor$Worker.run(ThreadPoolExecutor.java:659) ~[tomcat-embed-core-10.1.19.jar:10.1.19]
	at org.apache.tomcat.util.threads.TaskThread$WrappingRunnable.run(TaskThread.java:63) ~[tomcat-embed-core-10.1.19.jar:10.1.19]
	at java.base/java.lang.Thread.run(Thread.java:842) ~[na:na]

2024-03-19T00:31:38.029+05:30 DEBUG 20444 --- [movieapp-backend] [http-nio-8081-exec-6] o.s.web.servlet.DispatcherServlet        : "ERROR" dispatch for GET "/error", parameters={}
2024-03-19T00:31:38.030+05:30 DEBUG 20444 --- [movieapp-backend] [http-nio-8081-exec-6] s.w.s.m.m.a.RequestMappingHandlerMapping : Mapped to org.springframework.boot.autoconfigure.web.servlet.error.BasicErrorController#error(HttpServletRequest)
2024-03-19T00:31:38.030+05:30 DEBUG 20444 --- [movieapp-backend] [http-nio-8081-exec-6] o.s.w.s.m.m.a.HttpEntityMethodProcessor  : Using 'application/json', given [*/*] and supported [application/json, application/*+json]
2024-03-19T00:31:38.031+05:30 DEBUG 20444 --- [movieapp-backend] [http-nio-8081-exec-6] o.s.w.s.m.m.a.HttpEntityMethodProcessor  : Writing [{timestamp=Tue Mar 19 00:31:38 IST 2024, status=500, error=Internal Server Error, trace=jakarta.serv (truncated)...]
2024-03-19T00:31:38.034+05:30 DEBUG 20444 --- [movieapp-backend] [http-nio-8081-exec-6] o.s.web.servlet.DispatcherServlet        : Exiting from "ERROR" dispatch, status 500
2024-03-19T00:31:51.220+05:30 DEBUG 20444 --- [movieapp-backend] [http-nio-8081-exec-8] o.s.web.servlet.DispatcherServlet        : GET "/api/v1/movie/get/top1", parameters={}
2024-03-19T00:31:51.222+05:30 DEBUG 20444 --- [movieapp-backend] [http-nio-8081-exec-8] s.w.s.m.m.a.RequestMappingHandlerMapping : Mapped to com.capstone.project.movieappbackend.controller.MovieController#getMovieById(String)
2024-03-19T00:31:51.234+05:30  INFO 20444 --- [movieapp-backend] [http-nio-8081-exec-8] c.c.p.m.services.MovieServiceImpl        : Fetching movie from database
2024-03-19T00:31:51.275+05:30 DEBUG 20444 --- [movieapp-backend] [http-nio-8081-exec-8] m.m.a.RequestResponseBodyMethodProcessor : Using 'application/json', given [*/*] and supported [application/json, application/*+json]
2024-03-19T00:31:51.276+05:30 DEBUG 20444 --- [movieapp-backend] [http-nio-8081-exec-8] m.m.a.RequestResponseBodyMethodProcessor : Writing [Movie(id=top1, rank=1, title=The Shawshank Redemption, thumbnail=https://m.media-amazon.com/images/M (truncated)...]
2024-03-19T00:31:51.278+05:30 DEBUG 20444 --- [movieapp-backend] [http-nio-8081-exec-8] o.s.web.servlet.DispatcherServlet        : Completed 200 OK
2024-03-19T00:32:11.850+05:30 DEBUG 20444 --- [movieapp-backend] [http-nio-8081-exec-9] o.s.web.servlet.DispatcherServlet        : GET "/api/v1/movie/getAll", parameters={}
2024-03-19T00:32:11.851+05:30 DEBUG 20444 --- [movieapp-backend] [http-nio-8081-exec-9] s.w.s.m.m.a.RequestMappingHandlerMapping : Mapped to com.capstone.project.movieappbackend.controller.MovieController#getMoviesList()
2024-03-19T00:32:11.852+05:30  INFO 20444 --- [movieapp-backend] [http-nio-8081-exec-9] c.c.p.m.services.MovieServiceImpl        : Fetching all movies from database
2024-03-19T00:32:11.859+05:30 DEBUG 20444 --- [movieapp-backend] [http-nio-8081-exec-9] m.m.a.RequestResponseBodyMethodProcessor : Using 'application/json', given [*/*] and supported [application/json, application/*+json]
2024-03-19T00:32:11.860+05:30 DEBUG 20444 --- [movieapp-backend] [http-nio-8081-exec-9] m.m.a.RequestResponseBodyMethodProcessor : Writing [[Movie(id=top1, rank=1, title=The Shawshank Redemption, thumbnail=https://m.media-amazon.com/images/ (truncated)...]
2024-03-19T00:32:11.863+05:30 DEBUG 20444 --- [movieapp-backend] [http-nio-8081-exec-9] o.s.web.servlet.DispatcherServlet        : Completed 200 OK
